Arguments: 
  /Users/s473491/.nvm/versions/node/v12.7.0/bin/node /usr/local/Cellar/yarn/1.17.3/libexec/bin/yarn.js install

PATH: 
  /Users/s473491/.nvm/versions/node/v12.7.0/bin:/usr/local/bin:/usr/bin:/bin:/usr/sbin:/sbin:/Users/s473491/.nvm/versions/node/v12.7.0/bin

Yarn version: 
  1.17.3

Node version: 
  12.7.0

Platform: 
  darwin x64

Trace: 
  Error: self signed certificate in certificate chain
      at TLSSocket.onConnectSecure (_tls_wrap.js:1317:34)
      at TLSSocket.emit (events.js:203:13)
      at TLSSocket._finishInit (_tls_wrap.js:792:8)
      at TLSWrap.ssl.onhandshakedone (_tls_wrap.js:606:12)

npm manifest: 
  {
    "main": "node_modules/expo/AppEntry.js",
    "scripts": {
      "start": "expo start",
      "android": "expo start --android",
      "ios": "expo start --ios",
      "web": "expo start --web",
      "eject": "expo eject",
      "test": "jest --watchAll"
    },
    "jest": {
      "preset": "jest-expo"
    },
    "dependencies": {
      "@expo/samples": "~3.0.3",
      "@expo/vector-icons": "^10.0.3",
      "@react-navigation/web": "^1.0.0-alpha.9",
      "expo": "^34.0.1",
      "expo-asset": "^6.0.0",
      "expo-constants": "6.0.0",
      "expo-font": "~6.0.0",
      "expo-web-browser": "6.0.0",
      "react": "16.8.3",
      "react-dom": "^16.8.6",
      "react-native": "https://github.com/expo/react-native/archive/sdk-34.0.0.tar.gz",
      "react-native-gesture-handler": "~1.3.0",
      "react-native-web": "^0.11.4",
      "react-navigation": "^3.11.0"
    },
    "devDependencies": {
      "babel-preset-expo": "^6.0.0",
      "jest-expo": "^34.0.0"
    },
    "private": true
  }

yarn manifest: 
  No manifest

Lockfile: 
  No lockfile
